#
# A fatal error has been detected by the Java Runtime Environment:
#
#  EXCEPTION_ACCESS_VIOLATION (0xc0000005) at pc=0x000000005d08e77b, pid=13868, tid=15660
#
# JRE version: Java(TM) SE Runtime Environment (9.0+11) (build 9.0.4+11)
# Java VM: Java HotSpot(TM) 64-Bit Server VM (9.0.4+11, mixed mode, tiered, compressed oops, g1 gc, windows-amd64)
# Problematic frame:
# V  [jvm.dll+0x38e77b]
#
# No core dump will be written. Minidumps are not enabled by default on client versions of Windows
#
# If you would like to submit a bug report, please visit:
#   http://bugreport.java.com/bugreport/crash.jsp
#

---------------  S U M M A R Y ------------

Command Line: -agentlib:jdwp=transport=dt_socket,address=127.0.0.1:56933,suspend=y,server=n -javaagent:C:\Users\Niels\.IdeaIC2018.1\system\captureAgent\debugger-agent.jar=file:/C:/Users/Niels/AppData/Local/Temp/capture.props -Dfile.encoding=UTF-8 ControleSoftware

Host: Intel(R) Core(TM) i7-6700HQ CPU @ 2.60GHz, 8 cores, 15G,  Windows 10 , 64 bit Build 17134 (10.0.17134.1)
Time: Wed May 23 11:10:26 2018 W. Europe Daylight Time elapsed time: 215 seconds (0d 0h 3m 35s)

---------------  T H R E A D  ---------------

Current thread (0x0000020025cd4800):  JavaThread "Thread-1" [_thread_in_vm, id=15660, stack(0x000000d28d100000,0x000000d28d200000)]

Stack: [0x000000d28d100000,0x000000d28d200000],  sp=0x000000d28d1fec80,  free space=1019k
Native frames: (J=compiled Java code, j=interpreted, Vv=VM code, C=native code)
V  [jvm.dll+0x38e77b]
C  [1527066411594-jSerialComm.dll+0x2990]
C  0x000002000a671b95

Java frames: (J=compiled Java code, j=interpreted, Vv=VM code)
j  com.fazecast.jSerialComm.SerialPort.waitForEvent(J)I+0
J 2412 c1 com.fazecast.jSerialComm.SerialPort$SerialPortEventListener.waitForSerialEvent()V (355 bytes) @ 0x000002000ac06294 [0x000002000ac061a0+0x00000000000000f4]
j  com.fazecast.jSerialComm.SerialPort$SerialPortEventListener$1.run()V+27
j  java.lang.Thread.run()V+11 java.base@9.0.4
v  ~StubRoutines::call_stub

siginfo: EXCEPTION_ACCESS_VIOLATION (0xc0000005), reading address 0x0000000600000008


Register to memory mapping:

RIP=0x000000005d08e77b jvm.dll
RAX=0x0000000600000000 is an unknown value
RBX=0x0000020025cd4800 is a thread
RCX=0x0000000000000480 is an unknown value
RDX=0x000000d28d1fedd8 is pointing into the stack for thread: 0x0000020025cd4800
RSP=0x000000d28d1fec80 is pointing into the stack for thread: 0x0000020025cd4800
RBP=0x0000000000000092 is an unknown value
RSI=0x0000000000000001 is an unknown value
RDI=0x000000d28d1fedd8 is pointing into the stack for thread: 0x0000020025cd4800
R8 =0x0000000000000092 is an unknown value
R9 =0x000000005d5ff220 jvm.dll
R10=0x0000000000000000 is an unknown value
R11=0x0000000000000246 is an unknown value
R12=0x0000000000000000 is an unknown value
R13={method} {0x000002007f87ef28} 'waitForEvent' '(J)I' in 'com/fazecast/jSerialComm/SerialPort'
R14=0x0000020025cd4a18 is an unknown value
R15=0x0000020025cd4800 is a thread


Registers:
RAX=0x0000000600000000, RBX=0x0000020025cd4800, RCX=0x0000000000000480, RDX=0x000000d28d1fedd8
RSP=0x000000d28d1fec80, RBP=0x0000000000000092, RSI=0x0000000000000001, RDI=0x000000d28d1fedd8
R8 =0x0000000000000092, R9 =0x000000005d5ff220, R10=0x0000000000000000, R11=0x0000000000000246
R12=0x0000000000000000, R13=0x000002007f87ef20, R14=0x0000020025cd4a18, R15=0x0000020025cd4800
RIP=0x000000005d08e77b, EFLAGS=0x0000000000010202

Top of Stack: (sp=0x000000d28d1fec80)
0x000000d28d1fec80:   0000000000000000 0000000000000000
0x000000d28d1fec90:   0000000000000000 0000000000000004
0x000000d28d1feca0:   0000020025cd4a18 000000000000084c
0x000000d28d1fecb0:   000000000000084c 00007fffa4462990
0x000000d28d1fecc0:   0000000000000102 000000d28d1fedd8
0x000000d28d1fecd0:   0000000000000001 0000000000000c08
0x000000d28d1fece0:   0000000000000103 0000000000000000
0x000000d28d1fecf0:   0000000000000000 0000000000000c08
0x000000d28d1fed00:   000000d28d1fedd8 000000000000084c
0x000000d28d1fed10:   000000d28d1feda8 000002000a671b95
0x000000d28d1fed20:   000002007f87ef20 00000006d00f0bd8
0x000000d28d1fed30:   0000000000000000 000002007f87ef20
0x000000d28d1fed40:   0000020025cd4800 000000d28d1fefd0
0x000000d28d1fed50:   000000d28d1fef68 0000000000000000
0x000000d28d1fed60:   000000d28d1fed60 0000000000000000
0x000000d28d1fed70:   000000d28d1fedd8 0000020023cbcaf8 

Instructions: (pc=0x000000005d08e77b)
0x000000005d08e75b:   06 00 00 00 40 f6 c7 01 74 0a 48 8b cf e8 73 47
0x000000005d08e76b:   02 00 eb 03 48 8b 07 80 3d 9c 92 5c 00 00 74 16
0x000000005d08e77b:   44 8b 48 08 8b 0d 43 ca 57 00 49 d3 e1 4c 03 0d
0x000000005d08e78b:   31 ca 57 00 eb 04 4c 8b 48 08 48 8b f5 48 c1 ee 



---------------  P R O C E S S  ---------------

Java Threads: ( => current thread )
=>0x0000020025cd4800 JavaThread "Thread-1" [_thread_in_vm, id=15660, stack(0x000000d28d100000,0x000000d28d200000)]
  0x0000020023592000 JavaThread "Abandoned connection cleanup thread" daemon [_thread_blocked, id=11416, stack(0x000000d28d800000,0x000000d28d900000)]
  0x0000020022d68000 JavaThread "TimerQueue" daemon [_thread_blocked, id=3448, stack(0x000000d28d700000,0x000000d28d800000)]
  0x0000020022c31000 JavaThread "Swing-Shell" daemon [_thread_blocked, id=9932, stack(0x000000d28d200000,0x000000d28d300000)]
  0x00000200782c9000 JavaThread "DestroyJavaVM" [_thread_blocked, id=7000, stack(0x000000d28a800000,0x000000d28a900000)]
  0x00000200231e8800 JavaThread "AWT-EventQueue-0" [_thread_blocked, id=2532, stack(0x000000d28d000000,0x000000d28d100000)]
  0x00000200219a9800 JavaThread "AWT-Windows" daemon [_thread_in_native, id=4864, stack(0x000000d28cf00000,0x000000d28d000000)]
  0x00000200219a9000 JavaThread "AWT-Shutdown" [_thread_blocked, id=8252, stack(0x000000d28ce00000,0x000000d28cf00000)]
  0x0000020021976000 JavaThread "Java2D Disposer" daemon [_thread_blocked, id=10792, stack(0x000000d28cd00000,0x000000d28ce00000)]
  0x000002007fe57800 JavaThread "Service Thread" daemon [_thread_blocked, id=13604, stack(0x000000d28cb00000,0x000000d28cc00000)]
  0x000002007fde3000 JavaThread "JDWP Command Reader" daemon [_thread_in_native, id=13896, stack(0x000000d28ca00000,0x000000d28cb00000)]
  0x000002007fdc4000 JavaThread "JDWP Event Helper Thread" daemon [_thread_blocked, id=9488, stack(0x000000d28c900000,0x000000d28ca00000)]
  0x000002007fdd4000 JavaThread "JDWP Transport Listener: dt_socket" daemon [_thread_blocked, id=10916, stack(0x000000d28c800000,0x000000d28c900000)]
  0x000002007fcb3000 JavaThread "Common-Cleaner" daemon [_thread_blocked, id=6848, stack(0x000000d28c700000,0x000000d28c800000)]
  0x000002007fbf2000 JavaThread "Sweeper thread" daemon [_thread_blocked, id=10972, stack(0x000000d28c600000,0x000000d28c700000)]
  0x000002007fbe6000 JavaThread "C1 CompilerThread3" daemon [_thread_blocked, id=4100, stack(0x000000d28c500000,0x000000d28c600000)]
  0x000002007fbdd000 JavaThread "C2 CompilerThread2" daemon [_thread_blocked, id=32, stack(0x000000d28c400000,0x000000d28c500000)]
  0x000002007fbda800 JavaThread "C2 CompilerThread1" daemon [_thread_blocked, id=14636, stack(0x000000d28c300000,0x000000d28c400000)]
  0x000002007fb8f000 JavaThread "C2 CompilerThread0" daemon [_thread_blocked, id=13688, stack(0x000000d28c200000,0x000000d28c300000)]
  0x000002007fb8e000 JavaThread "Attach Listener" daemon [_thread_blocked, id=10172, stack(0x000000d28c100000,0x000000d28c200000)]
  0x000002007fb8d800 JavaThread "Signal Dispatcher" daemon [_thread_blocked, id=2108, stack(0x000000d28c000000,0x000000d28c100000)]
  0x000002007f370800 JavaThread "Finalizer" daemon [_thread_blocked, id=11552, stack(0x000000d28bf00000,0x000000d28c000000)]
  0x000002007f36c800 JavaThread "Reference Handler" daemon [_thread_blocked, id=260, stack(0x000000d28be00000,0x000000d28bf00000)]

Other Threads:
  0x000002007f368000 VMThread "VM Thread" [stack: 0x000000d28bd00000,0x000000d28be00000] [id=5196]
  0x000002007fe7d000 WatcherThread [stack: 0x000000d28cc00000,0x000000d28cd00000] [id=9424]
  0x00000200782e0000 GCTaskThread "GC Thread#0" [stack: 0x000000d28a900000,0x000000d28aa00000] [id=9952]
  0x00000200782e1000 GCTaskThread "GC Thread#1" [stack: 0x000000d28aa00000,0x000000d28ab00000] [id=11244]
  0x00000200782e3800 GCTaskThread "GC Thread#2" [stack: 0x000000d28ab00000,0x000000d28ac00000] [id=9936]
  0x00000200782e6000 GCTaskThread "GC Thread#3" [stack: 0x000000d28ac00000,0x000000d28ad00000] [id=5364]
  0x00000200782ea800 GCTaskThread "GC Thread#4" [stack: 0x000000d28ad00000,0x000000d28ae00000] [id=14000]
  0x00000200782f0000 GCTaskThread "GC Thread#5" [stack: 0x000000d28ae00000,0x000000d28af00000] [id=5396]
  0x00000200782f1800 GCTaskThread "GC Thread#6" [stack: 0x000000d28af00000,0x000000d28b000000] [id=10540]
  0x00000200782f4000 GCTaskThread "GC Thread#7" [stack: 0x000000d28b000000,0x000000d28b100000] [id=14176]
  0x000002007835f800 ConcurrentGCThread "G1 Main Marker" [stack: 0x000000d28ba00000,0x000000d28bb00000] [id=15832]
  0x0000020078360000 ConcurrentGCThread "G1 Marker#0" [stack: 0x000000d28bb00000,0x000000d28bc00000] [id=13184]
  0x0000020078360800 ConcurrentGCThread "G1 Marker#1" [stack: 0x000000d28bc00000,0x000000d28bd00000] [id=11072]
  0x0000020078313000 ConcurrentGCThread "G1 Refine#0" [stack: 0x000000d28b800000,0x000000d28b900000] [id=4824]
  0x000002007830f800 ConcurrentGCThread "G1 Refine#1" [stack: 0x000000d28b700000,0x000000d28b800000] [id=6916]
  0x0000020078306800 ConcurrentGCThread "G1 Refine#2" [stack: 0x000000d28b600000,0x000000d28b700000] [id=12484]
  0x0000020078303800 ConcurrentGCThread "G1 Refine#3" [stack: 0x000000d28b500000,0x000000d28b600000] [id=14608]
  0x0000020078302800 ConcurrentGCThread "G1 Refine#4" [stack: 0x000000d28b400000,0x000000d28b500000] [id=14544]
  0x0000020078301800 ConcurrentGCThread "G1 Refine#5" [stack: 0x000000d28b300000,0x000000d28b400000] [id=11836]
  0x00000200782ff000 ConcurrentGCThread "G1 Refine#6" [stack: 0x000000d28b200000,0x000000d28b300000] [id=228]
  0x00000200782fd000 ConcurrentGCThread "G1 Refine#7" [stack: 0x000000d28b100000,0x000000d28b200000] [id=9052]
  0x000002007831e800 ConcurrentGCThread "G1 Young RemSet Sampling" [stack: 0x000000d28b900000,0x000000d28ba00000] [id=13884]

Threads with active compile tasks:

VM state:not at safepoint (normal execution)

VM Mutex/Monitor currently owned by a thread: None

Heap address: 0x00000006c2200000, size: 4062 MB, Compressed Oops mode: Zero based, Oop shift amount: 3
Narrow klass base: 0x0000000000000000, Narrow klass shift: 3
Compressed class space size: 1073741824 Address: 0x00000007c0000000

Heap:
 garbage-first heap   total 260096K, used 36502K [0x00000006c2200000, 0x00000006c23007f0, 0x00000007c0000000)
  region size 1024K, 33 young (33792K), 5 survivors (5120K)
 Metaspace       used 25097K, capacity 27846K, committed 28032K, reserved 1073152K
  class space    used 2979K, capacity 3449K, committed 3456K, reserved 1048576K
Heap Regions: E=young(eden), S=young(survivor), O=old, HS=humongous(starts), HC=humongous(continues), CS=collection set, F=free, A=archive, TS=gc time stamp, AC=allocation context, TAMS=top-at-mark-start (previous, next)
|   0|0x00000006c2200000, 0x00000006c2300000, 0x00000006c2300000|100%|HS|  |TS  0|AC  0|TAMS 0x00000006c2300000, 0x00000006c2300000|
|   1|0x00000006c2300000, 0x00000006c2400000, 0x00000006c2400000|100%|HC|  |TS  0|AC  0|TAMS 0x00000006c2400000, 0x00000006c2400000|
|   2|0x00000006c2400000, 0x00000006c2500000, 0x00000006c2500000|100%|HC|  |TS  0|AC  0|TAMS 0x00000006c2500000, 0x00000006c2500000|
|   3|0x00000006c2500000, 0x00000006c2600000, 0x00000006c2600000|100%| O|  |TS  0|AC  0|TAMS 0x00000006c2600000, 0x00000006c2600000|
|   4|0x00000006c2600000, 0x00000006c2600000, 0x00000006c2700000|  0%| F|  |TS  0|AC  0|TAMS 0x00000006c2600000, 0x00000006c2600000|
|   5|0x00000006c2700000, 0x00000006c2700000, 0x00000006c2800000|  0%| F|  |TS  0|AC  0|TAMS 0x00000006c2700000, 0x00000006c2700000|
|   6|0x00000006c2800000, 0x00000006c2800000, 0x00000006c2900000|  0%| F|  |TS  0|AC  0|TAMS 0x00000006c2800000, 0x00000006c2800000|
|   7|0x00000006c2900000, 0x00000006c2900000, 0x00000006c2a00000|  0%| F|  |TS  0|AC  0|TAMS 0x00000006c2900000, 0x00000006c2900000|
|   8|0x00000006c2a00000, 0x00000006c2a00000, 0x00000006c2b00000|  0%| F|  |TS  0|AC  0|TAMS 0x00000006c2a00000, 0x00000006c2a00000|
|   9|0x00000006c2b00000, 0x00000006c2b00000, 0x00000006c2c00000|  0%| F|  |TS  0|AC  0|TAMS 0x00000006c2b00000, 0x00000006c2b00000|
|  10|0x00000006c2c00000, 0x00000006c2c00000, 0x00000006c2d00000|  0%| F|  |TS  0|AC  0|TAMS 0x00000006c2c00000, 0x00000006c2c00000|
|  11|0x00000006c2d00000, 0x00000006c2d00000, 0x00000006c2e00000|  0%| F|  |TS  0|AC  0|TAMS 0x00000006c2d00000, 0x00000006c2d00000|
|  12|0x00000006c2e00000, 0x00000006c2e00000, 0x00000006c2f00000|  0%| F|  |TS  0|AC  0|TAMS 0x00000006c2e00000, 0x00000006c2e00000|
|  13|0x00000006c2f00000, 0x00000006c2f00000, 0x00000006c3000000|  0%| F|  |TS  0|AC  0|TAMS 0x00000006c2f00000, 0x00000006c2f00000|
|  14|0x00000006c3000000, 0x00000006c3000000, 0x00000006c3100000|  0%| F|  |TS  0|AC  0|TAMS 0x00000006c3000000, 0x00000006c3000000|
|  15|0x00000006c3100000, 0x00000006c3100000, 0x00000006c3200000|  0%| F|  |TS  0|AC  0|TAMS 0x00000006c3100000, 0x00000006c3100000|
|  16|0x00000006c3200000, 0x00000006c3200000, 0x00000006c3300000|  0%| F|  |TS  0|AC  0|TAMS 0x00000006c3200000, 0x00000006c3200000|
|  17|0x00000006c3300000, 0x00000006c3300000, 0x00000006c3400000|  0%| F|  |TS  0|AC  0|TAMS 0x00000006c3300000, 0x00000006c3300000|
|  18|0x00000006c3400000, 0x00000006c3400000, 0x00000006c3500000|  0%| F|  |TS  0|AC  0|TAMS 0x00000006c3400000, 0x00000006c3400000|
|  19|0x00000006c3500000, 0x00000006c3500000, 0x00000006c3600000|  0%| F|  |TS  0|AC  0|TAMS 0x00000006c3500000, 0x00000006c3500000|
|  20|0x00000006c3600000, 0x00000006c3600000, 0x00000006c3700000|  0%| F|  |TS  0|AC  0|TAMS 0x00000006c3600000, 0x00000006c3600000|
|  21|0x00000006c3700000, 0x00000006c3700000, 0x00000006c3800000|  0%| F|  |TS  0|AC  0|TAMS 0x00000006c3700000, 0x00000006c3700000|
|  22|0x00000006c3800000, 0x00000006c3800000, 0x00000006c3900000|  0%| F|  |TS  0|AC  0|TAMS 0x00000006c3800000, 0x00000006c3800000|
|  23|0x00000006c3900000, 0x00000006c3900000, 0x00000006c3a00000|  0%| F|  |TS  0|AC  0|TAMS 0x00000006c3900000, 0x00000006c3900000|
|  24|0x00000006c3a00000, 0x00000006c3a00000, 0x00000006c3b00000|  0%| F|  |TS  0|AC  0|TAMS 0x00000006c3a00000, 0x00000006c3a00000|
|  25|0x00000006c3b00000, 0x00000006c3b00000, 0x00000006c3c00000|  0%| F|  |TS  0|AC  0|TAMS 0x00000006c3b00000, 0x00000006c3b00000|
|  26|0x00000006c3c00000, 0x00000006c3c00000, 0x00000006c3d00000|  0%| F|  |TS  0|AC  0|TAMS 0x00000006c3c00000, 0x00000006c3c00000|
|  27|0x00000006c3d00000, 0x00000006c3d00000, 0x00000006c3e00000|  0%| F|  |TS  0|AC  0|TAMS 0x00000006c3d00000, 0x00000006c3d00000|
|  28|0x00000006c3e00000, 0x00000006c3e00000, 0x00000006c3f00000|  0%| F|  |TS  0|AC  0|TAMS 0x00000006c3e00000, 0x00000006c3e00000|
|  29|0x00000006c3f00000, 0x00000006c3f00000, 0x00000006c4000000|  0%| F|  |TS  0|AC  0|TAMS 0x00000006c3f00000, 0x00000006c3f00000|
|  30|0x00000006c4000000, 0x00000006c4000000, 0x00000006c4100000|  0%| F|  |TS  0|AC  0|TAMS 0x00000006c4000000, 0x00000006c4000000|
|  31|0x00000006c4100000, 0x00000006c4100000, 0x00000006c4200000|  0%| F|  |TS  0|AC  0|TAMS 0x00000006c4100000, 0x00000006c4100000|
|  32|0x00000006c4200000, 0x00000006c4200000, 0x00000006c4300000|  0%| F|  |TS  0|AC  0|TAMS 0x00000006c4200000, 0x00000006c4200000|
|  33|0x00000006c4300000, 0x00000006c4300000, 0x00000006c4400000|  0%| F|  |TS  0|AC  0|TAMS 0x00000006c4300000, 0x00000006c4300000|
|  34|0x00000006c4400000, 0x00000006c4400000, 0x00000006c4500000|  0%| F|  |TS  0|AC  0|TAMS 0x00000006c4400000, 0x00000006c4400000|
|  35|0x00000006c4500000, 0x00000006c4500000, 0x00000006c4600000|  0%| F|  |TS  0|AC  0|TAMS 0x00000006c4500000, 0x00000006c4500000|
|  36|0x00000006c4600000, 0x00000006c4600000, 0x00000006c4700000|  0%| F|  |TS  0|AC  0|TAMS 0x00000006c4600000, 0x00000006c4600000|
|  37|0x00000006c4700000, 0x00000006c4700000, 0x00000006c4800000|  0%| F|  |TS  0|AC  0|TAMS 0x00000006c4700000, 0x00000006c4700000|
|  38|0x00000006c4800000, 0x00000006c4800000, 0x00000006c4900000|  0%| F|  |TS  0|AC  0|TAMS 0x00000006c4800000, 0x00000006c4800000|
|  39|0x00000006c4900000, 0x00000006c4900000, 0x00000006c4a00000|  0%| F|  |TS  0|AC  0|TAMS 0x00000006c4900000, 0x00000006c4900000|
|  40|0x00000006c4a00000, 0x00000006c4a00000, 0x00000006c4b00000|  0%| F|  |TS  0|AC  0|TAMS 0x00000006c4a00000, 0x00000006c4a00000|
|  41|0x00000006c4b00000, 0x00000006c4b00000, 0x00000006c4c00000|  0%| F|  |TS  0|AC  0|TAMS 0x00000006c4b00000, 0x00000006c4b00000|
|  42|0x00000006c4c00000, 0x00000006c4c00000, 0x00000006c4d00000|  0%| F|  |TS  0|AC  0|TAMS 0x00000006c4c00000, 0x00000006c4c00000|
|  43|0x00000006c4d00000, 0x00000006c4d00000, 0x00000006c4e00000|  0%| F|  |TS  0|AC  0|TAMS 0x00000006c4d00000, 0x00000006c4d00000|
|  44|0x00000006c4e00000, 0x00000006c4e00000, 0x00000006c4f00000|  0%| F|  |TS  0|AC  0|TAMS 0x00000006c4e00000, 0x00000006c4e00000|
|  45|0x00000006c4f00000, 0x00000006c4f00000, 0x00000006c5000000|  0%| F|  |TS  0|AC  0|TAMS 0x00000006c4f00000, 0x00000006c4f00000|
|  46|0x00000006c5000000, 0x00000006c5000000, 0x00000006c5100000|  0%| F|  |TS  0|AC  0|TAMS 0x00000006c5000000, 0x00000006c5000000|
|  47|0x00000006c5100000, 0x00000006c5100000, 0x00000006c5200000|  0%| F|  |TS  0|AC  0|TAMS 0x00000006c5100000, 0x00000006c5100000|
|  48|0x00000006c5200000, 0x00000006c5200000, 0x00000006c5300000|  0%| F|  |TS  0|AC  0|TAMS 0x00000006c5200000, 0x00000006c5200000|
|  49|0x00000006c5300000, 0x00000006c5300000, 0x00000006c5400000|  0%| F|  |TS  0|AC  0|TAMS 0x00000006c5300000, 0x00000006c5300000|
|  50|0x00000006c5400000, 0x00000006c5400000, 0x00000006c5500000|  0%| F|  |TS  0|AC  0|TAMS 0x00000006c5400000, 0x00000006c5400000|
|  51|0x00000006c5500000, 0x00000006c5500000, 0x00000006c5600000|  0%| F|  |TS  0|AC  0|TAMS 0x00000006c5500000, 0x00000006c5500000|
|  52|0x00000006c5600000, 0x00000006c5600000, 0x00000006c5700000|  0%| F|  |TS  0|AC  0|TAMS 0x00000006c5600000, 0x00000006c5600000|
|  53|0x00000006c5700000, 0x00000006c5700000, 0x00000006c5800000|  0%| F|  |TS  0|AC  0|TAMS 0x00000006c5700000, 0x00000006c5700000|
|  54|0x00000006c5800000, 0x00000006c5800000, 0x00000006c5900000|  0%| F|  |TS  0|AC  0|TAMS 0x00000006c5800000, 0x00000006c5800000|
|  55|0x00000006c5900000, 0x00000006c5900000, 0x00000006c5a00000|  0%| F|  |TS  0|AC  0|TAMS 0x00000006c5900000, 0x00000006c5900000|
|  56|0x00000006c5a00000, 0x00000006c5a00000, 0x00000006c5b00000|  0%| F|  |TS  0|AC  0|TAMS 0x00000006c5a00000, 0x00000006c5a00000|
|  57|0x00000006c5b00000, 0x00000006c5b00000, 0x00000006c5c00000|  0%| F|  |TS  0|AC  0|TAMS 0x00000006c5b00000, 0x00000006c5b00000|
|  58|0x00000006c5c00000, 0x00000006c5c00000, 0x00000006c5d00000|  0%| F|  |TS  0|AC  0|TAMS 0x00000006c5c00000, 0x00000006c5c00000|
|  59|0x00000006c5d00000, 0x00000006c5d00000, 0x00000006c5e00000|  0%| F|  |TS  0|AC  0|TAMS 0x00000006c5d00000, 0x00000006c5d00000|
|  60|0x00000006c5e00000, 0x00000006c5e00000, 0x00000006c5f00000|  0%| F|  |TS  0|AC  0|TAMS 0x00000006c5e00000, 0x00000006c5e00000|
|  61|0x00000006c5f00000, 0x00000006c5f00000, 0x00000006c6000000|  0%| F|  |TS  0|AC  0|TAMS 0x00000006c5f00000, 0x00000006c5f00000|
|  62|0x00000006c6000000, 0x00000006c6000000, 0x00000006c6100000|  0%| F|  |TS  0|AC  0|TAMS 0x00000006c6000000, 0x00000006c6000000|
|  63|0x00000006c6100000, 0x00000006c6100000, 0x00000006c6200000|  0%| F|  |TS  0|AC  0|TAMS 0x00000006c6100000, 0x00000006c6100000|
|  64|0x00000006c6200000, 0x00000006c6200000, 0x00000006c6300000|  0%| F|  |TS  0|AC  0|TAMS 0x00000006c6200000, 0x00000006c6200000|
|  65|0x00000006c6300000, 0x00000006c6300000, 0x00000006c6400000|  0%| F|  |TS  0|AC  0|TAMS 0x00000006c6300000, 0x00000006c6300000|
|  66|0x00000006c6400000, 0x00000006c6400000, 0x00000006c6500000|  0%| F|  |TS  0|AC  0|TAMS 0x00000006c6400000, 0x00000006c6400000|
|  67|0x00000006c6500000, 0x00000006c6500000, 0x00000006c6600000|  0%| F|  |TS  0|AC  0|TAMS 0x00000006c6500000, 0x00000006c6500000|
|  68|0x00000006c6600000, 0x00000006c6600000, 0x00000006c6700000|  0%| F|  |TS  0|AC  0|TAMS 0x00000006c6600000, 0x00000006c6600000|
|  69|0x00000006c6700000, 0x00000006c6700000, 0x00000006c6800000|  0%| F|  |TS  0|AC  0|TAMS 0x00000006c6700000, 0x00000006c6700000|
|  70|0x00000006c6800000, 0x00000006c6800000, 0x00000006c6900000|  0%| F|  |TS  0|AC  0|TAMS 0x00000006c6800000, 0x00000006c6800000|
|  71|0x00000006c6900000, 0x00000006c6900000, 0x00000006c6a00000|  0%| F|  |TS  0|AC  0|TAMS 0x00000006c6900000, 0x00000006c6900000|
|  72|0x00000006c6a00000, 0x00000006c6a00000, 0x00000006c6b00000|  0%| F|  |TS  0|AC  0|TAMS 0x00000006c6a00000, 0x00000006c6a00000|
|  73|0x00000006c6b00000, 0x00000006c6b00000, 0x00000006c6c00000|  0%| F|  |TS  0|AC  0|TAMS 0x00000006c6b00000, 0x00000006c6b00000|
|  74|0x00000006c6c00000, 0x00000006c6c00000, 0x00000006c6d00000|  0%| F|  |TS  0|AC  0|TAMS 0x00000006c6c00000, 0x00000006c6c00000|
|  75|0x00000006c6d00000, 0x00000006c6d00000, 0x00000006c6e00000|  0%| F|  |TS  0|AC  0|TAMS 0x00000006c6d00000, 0x00000006c6d00000|
|  76|0x00000006c6e00000, 0x00000006c6e00000, 0x00000006c6f00000|  0%| F|  |TS  0|AC  0|TAMS 0x00000006c6e00000, 0x00000006c6e00000|
|  77|0x00000006c6f00000, 0x00000006c6f00000, 0x00000006c7000000|  0%| F|  |TS  0|AC  0|TAMS 0x00000006c6f00000, 0x00000006c6f00000|
|  78|0x00000006c7000000, 0x00000006c7000000, 0x00000006c7100000|  0%| F|  |TS  0|AC  0|TAMS 0x00000006c7000000, 0x00000006c7000000|
|  79|0x00000006c7100000, 0x00000006c7100000, 0x00000006c7200000|  0%| F|  |TS  0|AC  0|TAMS 0x00000006c7100000, 0x00000006c7100000|
|  80|0x00000006c7200000, 0x00000006c7200000, 0x00000006c7300000|  0%| F|  |TS  0|AC  0|TAMS 0x00000006c7200000, 0x00000006c7200000|
|  81|0x00000006c7300000, 0x00000006c7300000, 0x00000006c7400000|  0%| F|  |TS  0|AC  0|TAMS 0x00000006c7300000, 0x00000006c7300000|
|  82|0x00000006c7400000, 0x00000006c7400000, 0x00000006c7500000|  0%| F|  |TS  0|AC  0|TAMS 0x00000006c7400000, 0x00000006c7400000|
|  83|0x00000006c7500000, 0x00000006c7500000, 0x00000006c7600000|  0%| F|  |TS  0|AC  0|TAMS 0x00000006c7500000, 0x00000006c7500000|
|  84|0x00000006c7600000, 0x00000006c7600000, 0x00000006c7700000|  0%| F|  |TS  0|AC  0|TAMS 0x00000006c7600000, 0x00000006c7600000|
|  85|0x00000006c7700000, 0x00000006c7700000, 0x00000006c7800000|  0%| F|  |TS  0|AC  0|TAMS 0x00000006c7700000, 0x00000006c7700000|
|  86|0x00000006c7800000, 0x00000006c7800000, 0x00000006c7900000|  0%| F|  |TS  0|AC  0|TAMS 0x00000006c7800000, 0x00000006c7800000|
|  87|0x00000006c7900000, 0x00000006c7900000, 0x00000006c7a00000|  0%| F|  |TS  0|AC  0|TAMS 0x00000006c7900000, 0x00000006c7900000|
|  88|0x00000006c7a00000, 0x00000006c7a00000, 0x00000006c7b00000|  0%| F|  |TS  0|AC  0|TAMS 0x00000006c7a00000, 0x00000006c7a00000|
|  89|0x00000006c7b00000, 0x00000006c7b00000, 0x00000006c7c00000|  0%| F|  |TS  0|AC  0|TAMS 0x00000006c7b00000, 0x00000006c7b00000|
|  90|0x00000006c7c00000, 0x00000006c7c00000, 0x00000006c7d00000|  0%| F|  |TS  0|AC  0|TAMS 0x00000006c7c00000, 0x00000006c7c00000|
|  91|0x00000006c7d00000, 0x00000006c7d00000, 0x00000006c7e00000|  0%| F|  |TS  0|AC  0|TAMS 0x00000006c7d00000, 0x00000006c7d00000|
|  92|0x00000006c7e00000, 0x00000006c7e00000, 0x00000006c7f00000|  0%| F|  |TS  0|AC  0|TAMS 0x00000006c7e00000, 0x00000006c7e00000|
|  93|0x00000006c7f00000, 0x00000006c7f00000, 0x00000006c8000000|  0%| F|  |TS  0|AC  0|TAMS 0x00000006c7f00000, 0x00000006c7f00000|
|  94|0x00000006c8000000, 0x00000006c8000000, 0x00000006c8100000|  0%| F|  |TS  0|AC  0|TAMS 0x00000006c8000000, 0x00000006c8000000|
|  95|0x00000006c8100000, 0x00000006c8100000, 0x00000006c8200000|  0%| F|  |TS  0|AC  0|TAMS 0x00000006c8100000, 0x00000006c8100000|
|  96|0x00000006c8200000, 0x00000006c8200000, 0x00000006c8300000|  0%| F|  |TS  0|AC  0|TAMS 0x00000006c8200000, 0x00000006c8200000|
|  97|0x00000006c8300000, 0x00000006c8300000, 0x00000006c8400000|  0%| F|  |TS  0|AC  0|TAMS 0x00000006c8300000, 0x00000006c8300000|
|  98|0x00000006c8400000, 0x00000006c8400000, 0x00000006c8500000|  0%| F|  |TS  0|AC  0|TAMS 0x00000006c8400000, 0x00000006c8400000|
|  99|0x00000006c8500000, 0x00000006c8500000, 0x00000006c8600000|  0%| F|  |TS  0|AC  0|TAMS 0x00000006c8500000, 0x00000006c8500000|
| 100|0x00000006c8600000, 0x00000006c8600000, 0x00000006c8700000|  0%| F|  |TS  0|AC  0|TAMS 0x00000006c8600000, 0x00000006c8600000|
| 101|0x00000006c8700000, 0x00000006c8700000, 0x00000006c8800000|  0%| F|  |TS  0|AC  0|TAMS 0x00000006c8700000, 0x00000006c8700000|
| 102|0x00000006c8800000, 0x00000006c8800000, 0x00000006c8900000|  0%| F|  |TS  0|AC  0|TAMS 0x00000006c8800000, 0x00000006c8800000|
| 103|0x00000006c8900000, 0x00000006c8900000, 0x00000006c8a00000|  0%| F|  |TS  0|AC  0|TAMS 0x00000006c8900000, 0x00000006c8900000|
| 104|0x00000006c8a00000, 0x00000006c8a00000, 0x00000006c8b00000|  0%| F|  |TS  0|AC  0|TAMS 0x00000006c8a00000, 0x00000006c8a00000|
| 105|0x00000006c8b00000, 0x00000006c8b00000, 0x00000006c8c00000|  0%| F|  |TS  0|AC  0|TAMS 0x00000006c8b00000, 0x00000006c8b00000|
| 106|0x00000006c8c00000, 0x00000006c8c00000, 0x00000006c8d00000|  0%| F|  |TS  0|AC  0|TAMS 0x00000006c8c00000, 0x00000006c8c00000|
| 107|0x00000006c8d00000, 0x00000006c8d00000, 0x00000006c8e00000|  0%| F|  |TS  0|AC  0|TAMS 0x00000006c8d00000, 0x00000006c8d00000|
| 108|0x00000006c8e00000, 0x00000006c8e00000, 0x00000006c8f00000|  0%| F|  |TS  0|AC  0|TAMS 0x00000006c8e00000, 0x00000006c8e00000|
| 109|0x00000006c8f00000, 0x00000006c8f00000, 0x00000006c9000000|  0%| F|  |TS  0|AC  0|TAMS 0x00000006c8f00000, 0x00000006c8f00000|
| 110|0x00000006c9000000, 0x00000006c9000000, 0x00000006c9100000|  0%| F|  |TS  0|AC  0|TAMS 0x00000006c9000000, 0x00000006c9000000|
| 111|0x00000006c9100000, 0x00000006c9100000, 0x00000006c9200000|  0%| F|  |TS  0|AC  0|TAMS 0x00000006c9100000, 0x00000006c9100000|
| 112|0x00000006c9200000, 0x00000006c9200000, 0x00000006c9300000|  0%| F|  |TS  0|AC  0|TAMS 0x00000006c9200000, 0x00000006c9200000|
| 113|0x00000006c9300000, 0x00000006c9300000, 0x00000006c9400000|  0%| F|  |TS  0|AC  0|TAMS 0x00000006c9300000, 0x00000006c9300000|
| 114|0x00000006c9400000, 0x00000006c9400000, 0x00000006c9500000|  0%| F|  |TS  0|AC  0|TAMS 0x00000006c9400000, 0x00000006c9400000|
| 115|0x00000006c9500000, 0x00000006c9500000, 0x00000006c9600000|  0%| F|  |TS  0|AC  0|TAMS 0x00000006c9500000, 0x00000006c9500000|
| 116|0x00000006c9600000, 0x00000006c9600000, 0x00000006c9700000|  0%| F|  |TS  0|AC  0|TAMS 0x00000006c9600000, 0x00000006c9600000|
| 117|0x00000006c9700000, 0x00000006c9700000, 0x00000006c9800000|  0%| F|  |TS  0|AC  0|TAMS 0x00000006c9700000, 0x00000006c9700000|
| 118|0x00000006c9800000, 0x00000006c9800000, 0x00000006c9900000|  0%| F|  |TS  0|AC  0|TAMS 0x00000006c9800000, 0x00000006c9800000|
| 119|0x00000006c9900000, 0x00000006c9900000, 0x00000006c9a00000|  0%| F|  |TS  0|AC  0|TAMS 0x00000006c9900000, 0x00000006c9900000|
| 120|0x00000006c9a00000, 0x00000006c9a00000, 0x00000006c9b00000|  0%| F|  |TS  0|AC  0|TAMS 0x00000006c9a00000, 0x00000006c9a00000|
| 121|0x00000006c9b00000, 0x00000006c9b00000, 0x00000006c9c00000|  0%| F|  |TS  0|AC  0|TAMS 0x00000006c9b00000, 0x00000006c9b00000|
| 122|0x00000006c9c00000, 0x00000006c9c00000, 0x00000006c9d00000|  0%| F|  |TS  0|AC  0|TAMS 0x00000006c9c00000, 0x00000006c9c00000|
| 123|0x00000006c9d00000, 0x00000006c9d00000, 0x00000006c9e00000|  0%| F|  |TS  0|AC  0|TAMS 0x00000006c9d00000, 0x00000006c9d00000|
| 124|0x00000006c9e00000, 0x00000006c9e00000, 0x00000006c9f00000|  0%| F|  |TS  0|AC  0|TAMS 0x00000006c9e00000, 0x00000006c9e00000|
| 125|0x00000006c9f00000, 0x00000006c9f00000, 0x00000006ca000000|  0%| F|  |TS  0|AC  0|TAMS 0x00000006c9f00000, 0x00000006c9f00000|
| 126|0x00000006ca000000, 0x00000006ca000000, 0x00000006ca100000|  0%| F|  |TS  0|AC  0|TAMS 0x00000006ca000000, 0x00000006ca000000|
| 127|0x00000006ca100000, 0x00000006ca100000, 0x00000006ca200000|  0%| F|  |TS  0|AC  0|TAMS 0x00000006ca100000, 0x00000006ca100000|
| 128|0x00000006ca200000, 0x00000006ca200000, 0x00000006ca300000|  0%| F|  |TS  0|AC  0|TAMS 0x00000006ca200000, 0x00000006ca200000|
| 129|0x00000006ca300000, 0x00000006ca300000, 0x00000006ca400000|  0%| F|  |TS  0|AC  0|TAMS 0x00000006ca300000, 0x00000006ca300000|
| 130|0x00000006ca400000, 0x00000006ca400000, 0x00000006ca500000|  0%| F|  |TS  0|AC  0|TAMS 0x00000006ca400000, 0x00000006ca400000|
| 131|0x00000006ca500000, 0x00000006ca500000, 0x00000006ca600000|  0%| F|  |TS  0|AC  0|TAMS 0x00000006ca500000, 0x00000006ca500000|
| 132|0x00000006ca600000, 0x00000006ca600000, 0x00000006ca700000|  0%| F|  |TS  0|AC  0|TAMS 0x00000006ca600000, 0x00000006ca600000|
| 133|0x00000006ca700000, 0x00000006ca700000, 0x00000006ca800000|  0%| F|  |TS  0|AC  0|TAMS 0x00000006ca700000, 0x00000006ca700000|
| 134|0x00000006ca800000, 0x00000006ca800000, 0x00000006ca900000|  0%| F|  |TS  0|AC  0|TAMS 0x00000006ca800000, 0x00000006ca800000|
| 135|0x00000006ca900000, 0x00000006ca900000, 0x00000006caa00000|  0%| F|  |TS  0|AC  0|TAMS 0x00000006ca900000, 0x00000006ca900000|
| 136|0x00000006caa00000, 0x00000006caa00000, 0x00000006cab00000|  0%| F|  |TS  0|AC  0|TAMS 0x00000006caa00000, 0x00000006caa00000|
| 137|0x00000006cab00000, 0x00000006cab00000, 0x00000006cac00000|  0%| F|  |TS  0|AC  0|TAMS 0x00000006cab00000, 0x00000006cab00000|
| 138|0x00000006cac00000, 0x00000006cac00000, 0x00000006cad00000|  0%| F|  |TS  0|AC  0|TAMS 0x00000006cac00000, 0x00000006cac00000|
| 139|0x00000006cad00000, 0x00000006cad00000, 0x00000006cae00000|  0%| F|  |TS  0|AC  0|TAMS 0x00000006cad00000, 0x00000006cad00000|
| 140|0x00000006cae00000, 0x00000006cae00000, 0x00000006caf00000|  0%| F|  |TS  0|AC  0|TAMS 0x00000006cae00000, 0x00000006cae00000|
| 141|0x00000006caf00000, 0x00000006caf00000, 0x00000006cb000000|  0%| F|  |TS  0|AC  0|TAMS 0x00000006caf00000, 0x00000006caf00000|
| 142|0x00000006cb000000, 0x00000006cb000000, 0x00000006cb100000|  0%| F|  |TS  0|AC  0|TAMS 0x00000006cb000000, 0x00000006cb000000|
| 143|0x00000006cb100000, 0x00000006cb100000, 0x00000006cb200000|  0%| F|  |TS  0|AC  0|TAMS 0x00000006cb100000, 0x00000006cb100000|
| 144|0x00000006cb200000, 0x00000006cb200000, 0x00000006cb300000|  0%| F|  |TS  0|AC  0|TAMS 0x00000006cb200000, 0x00000006cb200000|
| 145|0x00000006cb300000, 0x00000006cb300000, 0x00000006cb400000|  0%| F|  |TS  0|AC  0|TAMS 0x00000006cb300000, 0x00000006cb300000|
| 146|0x00000006cb400000, 0x00000006cb400000, 0x00000006cb500000|  0%| F|  |TS  0|AC  0|TAMS 0x00000006cb400000, 0x00000006cb400000|
| 147|0x00000006cb500000, 0x00000006cb500000, 0x00000006cb600000|  0%| F|  |TS  0|AC  0|TAMS 0x00000006cb500000, 0x00000006cb500000|
| 148|0x00000006cb600000, 0x00000006cb600000, 0x00000006cb700000|  0%| F|  |TS  0|AC  0|TAMS 0x00000006cb600000, 0x00000006cb600000|
| 149|0x00000006cb700000, 0x00000006cb700000, 0x00000006cb800000|  0%| F|  |TS  0|AC  0|TAMS 0x00000006cb700000, 0x00000006cb700000|
| 150|0x00000006cb800000, 0x00000006cb800000, 0x00000006cb900000|  0%| F|  |TS  0|AC  0|TAMS 0x00000006cb800000, 0x00000006cb800000|
| 151|0x00000006cb900000, 0x00000006cb900000, 0x00000006cba00000|  0%| F|  |TS  0|AC  0|TAMS 0x00000006cb900000, 0x00000006cb900000|
| 152|0x00000006cba00000, 0x00000006cba00000, 0x00000006cbb00000|  0%| F|  |TS  0|AC  0|TAMS 0x00000006cba00000, 0x00000006cba00000|
| 153|0x00000006cbb00000, 0x00000006cbb00000, 0x00000006cbc00000|  0%| F|  |TS  0|AC  0|TAMS 0x00000006cbb00000, 0x00000006cbb00000|
| 154|0x00000006cbc00000, 0x00000006cbc00000, 0x00000006cbd00000|  0%| F|  |TS  0|AC  0|TAMS 0x00000006cbc00000, 0x00000006cbc00000|
| 155|0x00000006cbd00000, 0x00000006cbd00000, 0x00000006cbe00000|  0%| F|  |TS  0|AC  0|TAMS 0x00000006cbd00000, 0x00000006cbd00000|
| 156|0x00000006cbe00000, 0x00000006cbe00000, 0x00000006cbf00000|  0%| F|  |TS  0|AC  0|TAMS 0x00000006cbe00000, 0x00000006cbe00000|
| 157|0x00000006cbf00000, 0x00000006cbf00000, 0x00000006cc000000|  0%| F|  |TS  0|AC  0|TAMS 0x00000006cbf00000, 0x00000006cbf00000|
| 158|0x00000006cc000000, 0x00000006cc000000, 0x00000006cc100000|  0%| F|  |TS  0|AC  0|TAMS 0x00000006cc000000, 0x00000006cc000000|
| 159|0x00000006cc100000, 0x00000006cc100000, 0x00000006cc200000|  0%| F|  |TS  0|AC  0|TAMS 0x00000006cc100000, 0x00000006cc100000|
| 160|0x00000006cc200000, 0x00000006cc200000, 0x00000006cc300000|  0%| F|  |TS  0|AC  0|TAMS 0x00000006cc200000, 0x00000006cc200000|
| 161|0x00000006cc300000, 0x00000006cc300000, 0x00000006cc400000|  0%| F|  |TS  0|AC  0|TAMS 0x00000006cc300000, 0x00000006cc300000|
| 162|0x00000006cc400000, 0x00000006cc400000, 0x00000006cc500000|  0%| F|  |TS  0|AC  0|TAMS 0x00000006cc400000, 0x00000006cc400000|
| 163|0x00000006cc500000, 0x00000006cc500000, 0x00000006cc600000|  0%| F|  |TS  0|AC  0|TAMS 0x00000006cc500000, 0x00000006cc500000|
| 164|0x00000006cc600000, 0x00000006cc600000, 0x00000006cc700000|  0%| F|  |TS  0|AC  0|TAMS 0x00000006cc600000, 0x00000006cc600000|
| 165|0x00000006cc700000, 0x00000006cc700000, 0x00000006cc800000|  0%| F|  |TS  0|AC  0|TAMS 0x00000006cc700000, 0x00000006cc700000|
| 166|0x00000006cc800000, 0x00000006cc800000, 0x00000006cc900000|  0%| F|  |TS  0|AC  0|TAMS 0x00000006cc800000, 0x00000006cc800000|
| 167|0x00000006cc900000, 0x00000006cc900000, 0x00000006cca00000|  0%| F|  |TS  0|AC  0|TAMS 0x00000006cc900000, 0x00000006cc900000|
| 168|0x00000006cca00000, 0x00000006cca00000, 0x00000006ccb00000|  0%| F|  |TS  0|AC  0|TAMS 0x00000006cca00000, 0x00000006cca00000|
| 169|0x00000006ccb00000, 0x00000006ccb00000, 0x00000006ccc00000|  0%| F|  |TS  0|AC  0|TAMS 0x00000006ccb00000, 0x00000006ccb00000|
| 170|0x00000006ccc00000, 0x00000006ccc00000, 0x00000006ccd00000|  0%| F|  |TS  0|AC  0|TAMS 0x00000006ccc00000, 0x00000006ccc00000|
| 171|0x00000006ccd00000, 0x00000006ccd00000, 0x00000006cce00000|  0%| F|  |TS  0|AC  0|TAMS 0x00000006ccd00000, 0x00000006ccd00000|
| 172|0x00000006cce00000, 0x00000006cce00000, 0x00000006ccf00000|  0%| F|  |TS  0|AC  0|TAMS 0x00000006cce00000, 0x00000006cce00000|
| 173|0x00000006ccf00000, 0x00000006ccf00000, 0x00000006cd000000|  0%| F|  |TS  0|AC  0|TAMS 0x00000006ccf00000, 0x00000006ccf00000|
| 174|0x00000006cd000000, 0x00000006cd000000, 0x00000006cd100000|  0%| F|  |TS  0|AC  0|TAMS 0x00000006cd000000, 0x00000006cd000000|
| 175|0x00000006cd100000, 0x00000006cd100000, 0x00000006cd200000|  0%| F|  |TS  0|AC  0|TAMS 0x00000006cd100000, 0x00000006cd100000|
| 176|0x00000006cd200000, 0x00000006cd200000, 0x00000006cd300000|  0%| F|  |TS  0|AC  0|TAMS 0x00000006cd200000, 0x00000006cd200000|
| 177|0x00000006cd300000, 0x00000006cd300000, 0x00000006cd400000|  0%| F|  |TS  0|AC  0|TAMS 0x00000006cd300000, 0x00000006cd300000|
| 178|0x00000006cd400000, 0x00000006cd400000, 0x00000006cd500000|  0%| F|  |TS  0|AC  0|TAMS 0x00000006cd400000, 0x00000006cd400000|
| 179|0x00000006cd500000, 0x00000006cd500000, 0x00000006cd600000|  0%| F|  |TS  0|AC  0|TAMS 0x00000006cd500000, 0x00000006cd500000|
| 180|0x00000006cd600000, 0x00000006cd600000, 0x00000006cd700000|  0%| F|  |TS  0|AC  0|TAMS 0x00000006cd600000, 0x00000006cd600000|
| 181|0x00000006cd700000, 0x00000006cd700000, 0x00000006cd800000|  0%| F|  |TS  0|AC  0|TAMS 0x00000006cd700000, 0x00000006cd700000|
| 182|0x00000006cd800000, 0x00000006cd800000, 0x00000006cd900000|  0%| F|  |TS  0|AC  0|TAMS 0x00000006cd800000, 0x00000006cd800000|
| 183|0x00000006cd900000, 0x00000006cd900000, 0x00000006cda00000|  0%| F|  |TS  0|AC  0|TAMS 0x00000006cd900000, 0x00000006cd900000|
| 184|0x00000006cda00000, 0x00000006cda00000, 0x00000006cdb00000|  0%| F|  |TS  0|AC  0|TAMS 0x00000006cda00000, 0x00000006cda00000|
| 185|0x00000006cdb00000, 0x00000006cdb00000, 0x00000006cdc00000|  0%| F|  |TS  0|AC  0|TAMS 0x00000006cdb00000, 0x00000006cdb00000|
| 186|0x00000006cdc00000, 0x00000006cdc00000, 0x00000006cdd00000|  0%| F|  |TS  0|AC  0|TAMS 0x00000006cdc00000, 0x00000006cdc00000|
| 187|0x00000006cdd00000, 0x00000006cdd00000, 0x00000006cde00000|  0%| F|  |TS  0|AC  0|TAMS 0x00000006cdd00000, 0x00000006cdd00000|
| 188|0x00000006cde00000, 0x00000006cde00000, 0x00000006cdf00000|  0%| F|  |TS  0|AC  0|TAMS 0x00000006cde00000, 0x00000006cde00000|
| 189|0x00000006cdf00000, 0x00000006cdf00000, 0x00000006ce000000|  0%| F|  |TS  0|AC  0|TAMS 0x00000006cdf00000, 0x00000006cdf00000|
| 190|0x00000006ce000000, 0x00000006ce000000, 0x00000006ce100000|  0%| F|  |TS  0|AC  0|TAMS 0x00000006ce000000, 0x00000006ce000000|
| 191|0x00000006ce100000, 0x00000006ce100000, 0x00000006ce200000|  0%| F|  |TS  0|AC  0|TAMS 0x00000006ce100000, 0x00000006ce100000|
| 192|0x00000006ce200000, 0x00000006ce200000, 0x00000006ce300000|  0%| F|  |TS  0|AC  0|TAMS 0x00000006ce200000, 0x00000006ce200000|
| 193|0x00000006ce300000, 0x00000006ce300000, 0x00000006ce400000|  0%| F|  |TS  0|AC  0|TAMS 0x00000006ce300000, 0x00000006ce300000|
| 194|0x00000006ce400000, 0x00000006ce400000, 0x00000006ce500000|  0%| F|  |TS  0|AC  0|TAMS 0x00000006ce400000, 0x00000006ce400000|
| 195|0x00000006ce500000, 0x00000006ce500000, 0x00000006ce600000|  0%| F|  |TS  0|AC  0|TAMS 0x00000006ce500000, 0x00000006ce500000|
| 196|0x00000006ce600000, 0x00000006ce600000, 0x00000006ce700000|  0%| F|  |TS  0|AC  0|TAMS 0x00000006ce600000, 0x00000006ce600000|
| 197|0x00000006ce700000, 0x00000006ce700000, 0x00000006ce800000|  0%| F|  |TS  0|AC  0|TAMS 0x00000006ce700000, 0x00000006ce700000|
| 198|0x00000006ce800000, 0x00000006ce800000, 0x00000006ce900000|  0%| F|  |TS  0|AC  0|TAMS 0x00000006ce800000, 0x00000006ce800000|
| 199|0x00000006ce900000, 0x00000006ce900000, 0x00000006cea00000|  0%| F|  |TS  0|AC  0|TAMS 0x00000006ce900000, 0x00000006ce900000|
| 200|0x00000006cea00000, 0x00000006cea00000, 0x00000006ceb00000|  0%| F|  |TS  0|AC  0|TAMS 0x00000006cea00000, 0x00000006cea00000|
| 201|0x00000006ceb00000, 0x00000006ceb00000, 0x00000006cec00000|  0%| F|  |TS  0|AC  0|TAMS 0x00000006ceb00000, 0x00000006ceb00000|
| 202|0x00000006cec00000, 0x00000006cec00000, 0x00000006ced00000|  0%| F|  |TS  0|AC  0|TAMS 0x00000006cec00000, 0x00000006cec00000|
| 203|0x00000006ced00000, 0x00000006ced00000, 0x00000006cee00000|  0%| F|  |TS  0|AC  0|TAMS 0x00000006ced00000, 0x00000006ced00000|
| 204|0x00000006cee00000, 0x00000006cee00000, 0x00000006cef00000|  0%| F|  |TS  0|AC  0|TAMS 0x00000006cee00000, 0x00000006cee00000|
| 205|0x00000006cef00000, 0x00000006cef00000, 0x00000006cf000000|  0%| F|  |TS  0|AC  0|TAMS 0x00000006cef00000, 0x00000006cef00000|
| 206|0x00000006cf000000, 0x00000006cf000000, 0x00000006cf100000|  0%| F|  |TS  0|AC  0|TAMS 0x00000006cf000000, 0x00000006cf000000|
| 207|0x00000006cf100000, 0x00000006cf100000, 0x00000006cf200000|  0%| F|  |TS  0|AC  0|TAMS 0x00000006cf100000, 0x00000006cf100000|
| 208|0x00000006cf200000, 0x00000006cf200000, 0x00000006cf300000|  0%| F|  |TS  0|AC  0|TAMS 0x00000006cf200000, 0x00000006cf200000|
| 209|0x00000006cf300000, 0x00000006cf300000, 0x00000006cf400000|  0%| F|  |TS  0|AC  0|TAMS 0x00000006cf300000, 0x00000006cf300000|
| 210|0x00000006cf400000, 0x00000006cf400000, 0x00000006cf500000|  0%| F|  |TS  0|AC  0|TAMS 0x00000006cf400000, 0x00000006cf400000|
| 211|0x00000006cf500000, 0x00000006cf500000, 0x00000006cf600000|  0%| F|  |TS  0|AC  0|TAMS 0x00000006cf500000, 0x00000006cf500000|
| 212|0x00000006cf600000, 0x00000006cf600000, 0x00000006cf700000|  0%| F|  |TS  0|AC  0|TAMS 0x00000006cf600000, 0x00000006cf600000|
| 213|0x00000006cf700000, 0x00000006cf700000, 0x00000006cf800000|  0%| F|  |TS  0|AC  0|TAMS 0x00000006cf700000, 0x00000006cf700000|
| 214|0x00000006cf800000, 0x00000006cf800000, 0x00000006cf900000|  0%| F|  |TS  0|AC  0|TAMS 0x00000006cf800000, 0x00000006cf800000|
| 215|0x00000006cf900000, 0x00000006cf900000, 0x00000006cfa00000|  0%| F|  |TS  0|AC  0|TAMS 0x00000006cf900000, 0x00000006cf900000|
| 216|0x00000006cfa00000, 0x00000006cfa00000, 0x00000006cfb00000|  0%| F|  |TS  0|AC  0|TAMS 0x00000006cfa00000, 0x00000006cfa00000|
| 217|0x00000006cfb00000, 0x00000006cfb00000, 0x00000006cfc00000|  0%| F|  |TS  0|AC  0|TAMS 0x00000006cfb00000, 0x00000006cfb00000|
| 218|0x00000006cfc00000, 0x00000006cfc00000, 0x00000006cfd00000|  0%| F|  |TS  0|AC  0|TAMS 0x00000006cfc00000, 0x00000006cfc00000|
| 219|0x00000006cfd00000, 0x00000006cfd00000, 0x00000006cfe00000|  0%| F|  |TS  0|AC  0|TAMS 0x00000006cfd00000, 0x00000006cfd00000|
| 220|0x00000006cfe00000, 0x00000006cfe00000, 0x00000006cff00000|  0%| F|  |TS  0|AC  0|TAMS 0x00000006cfe00000, 0x00000006cfe00000|
| 221|0x00000006cff00000, 0x00000006d0000000, 0x00000006d0000000|100%| E|  |TS  0|AC  0|TAMS 0x00000006cff00000, 0x00000006cff00000|
| 222|0x00000006d0000000, 0x00000006d0100000, 0x00000006d0100000|100%| E|CS|TS  0|AC  0|TAMS 0x00000006d0000000, 0x00000006d0000000|
| 223|0x00000006d0100000, 0x00000006d0200000, 0x00000006d0200000|100%| E|CS|TS  0|AC  0|TAMS 0x00000006d0100000, 0x00000006d0100000|
| 224|0x00000006d0200000, 0x00000006d0300000, 0x00000006d0300000|100%| E|CS|TS  0|AC  0|TAMS 0x00000006d0200000, 0x00000006d0200000|
| 225|0x00000006d0300000, 0x00000006d0400000, 0x00000006d0400000|100%| E|CS|TS  0|AC  0|TAMS 0x00000006d0300000, 0x00000006d0300000|
| 226|0x00000006d0400000, 0x00000006d0500000, 0x00000006d0500000|100%| E|CS|TS  0|AC  0|TAMS 0x00000006d0400000, 0x00000006d0400000|
| 227|0x00000006d0500000, 0x00000006d0600000, 0x00000006d0600000|100%| E|CS|TS  0|AC  0|TAMS 0x00000006d0500000, 0x00000006d0500000|
| 228|0x00000006d0600000, 0x00000006d0700000, 0x00000006d0700000|100%| E|CS|TS  0|AC  0|TAMS 0x00000006d0600000, 0x00000006d0600000|
| 229|0x00000006d0700000, 0x00000006d0800000, 0x00000006d0800000|100%| E|CS|TS  0|AC  0|TAMS 0x00000006d0700000, 0x00000006d0700000|
| 230|0x00000006d0800000, 0x00000006d0900000, 0x00000006d0900000|100%| E|CS|TS  0|AC  0|TAMS 0x00000006d0800000, 0x00000006d0800000|
| 231|0x00000006d0900000, 0x00000006d0a00000, 0x00000006d0a00000|100%| E|CS|TS  0|AC  0|TAMS 0x00000006d0900000, 0x00000006d0900000|
| 232|0x00000006d0a00000, 0x00000006d0b00000, 0x00000006d0b00000|100%| E|CS|TS  0|AC  0|TAMS 0x00000006d0a00000, 0x00000006d0a00000|
| 233|0x00000006d0b00000, 0x00000006d0c00000, 0x00000006d0c00000|100%| E|CS|TS  0|AC  0|TAMS 0x00000006d0b00000, 0x00000006d0b00000|
| 234|0x00000006d0c00000, 0x00000006d0d00000, 0x00000006d0d00000|100%| E|CS|TS  0|AC  0|TAMS 0x00000006d0c00000, 0x00000006d0c00000|
| 235|0x00000006d0d00000, 0x00000006d0e00000, 0x00000006d0e00000|100%| E|CS|TS  0|AC  0|TAMS 0x00000006d0d00000, 0x00000006d0d00000|
| 236|0x00000006d0e00000, 0x00000006d0f00000, 0x00000006d0f00000|100%| E|CS|TS  0|AC  0|TAMS 0x00000006d0e00000, 0x00000006d0e00000|
| 237|0x00000006d0f00000, 0x00000006d0fa5838, 0x00000006d1000000| 64%| S|CS|TS  0|AC  0|TAMS 0x00000006d0f00000, 0x00000006d0f00000|
| 238|0x00000006d1000000, 0x00000006d1100000, 0x00000006d1100000|100%| S|CS|TS  0|AC  0|TAMS 0x00000006d1000000, 0x00000006d1000000|
| 239|0x00000006d1100000, 0x00000006d1200000, 0x00000006d1200000|100%| S|CS|TS  0|AC  0|TAMS 0x00000006d1100000, 0x00000006d1100000|
| 240|0x00000006d1200000, 0x00000006d1300000, 0x00000006d1300000|100%| S|CS|TS  0|AC  0|TAMS 0x00000006d1200000, 0x00000006d1200000|
| 241|0x00000006d1300000, 0x00000006d1400000, 0x00000006d1400000|100%| S|CS|TS  0|AC  0|TAMS 0x00000006d1300000, 0x00000006d1300000|
| 242|0x00000006d1400000, 0x00000006d1500000, 0x00000006d1500000|100%| E|CS|TS  0|AC  0|TAMS 0x00000006d1400000, 0x00000006d1400000|
| 243|0x00000006d1500000, 0x00000006d1600000, 0x00000006d1600000|100%| E|CS|TS  0|AC  0|TAMS 0x00000006d1500000, 0x00000006d1500000|
| 244|0x00000006d1600000, 0x00000006d1700000, 0x00000006d1700000|100%| E|CS|TS  0|AC  0|TAMS 0x00000006d1600000, 0x00000006d1600000|
| 245|0x00000006d1700000, 0x00000006d1800000, 0x00000006d1800000|100%| E|CS|TS  0|AC  0|TAMS 0x00000006d1700000, 0x00000006d1700000|
| 246|0x00000006d1800000, 0x00000006d1900000, 0x00000006d1900000|100%| E|CS|TS  0|AC  0|TAMS 0x00000006d1800000, 0x00000006d1800000|
| 247|0x00000006d1900000, 0x00000006d1a00000, 0x00000006d1a00000|100%| E|CS|TS  0|AC  0|TAMS 0x00000006d1900000, 0x00000006d1900000|
| 248|0x00000006d1a00000, 0x00000006d1b00000, 0x00000006d1b00000|100%| E|CS|TS  0|AC  0|TAMS 0x00000006d1a00000, 0x00000006d1a00000|
| 249|0x00000006d1b00000, 0x00000006d1c00000, 0x00000006d1c00000|100%| E|CS|TS  0|AC  0|TAMS 0x00000006d1b00000, 0x00000006d1b00000|
| 250|0x00000006d1c00000, 0x00000006d1d00000, 0x00000006d1d00000|100%| E|CS|TS  0|AC  0|TAMS 0x00000006d1c00000, 0x00000006d1c00000|
| 251|0x00000006d1d00000, 0x00000006d1e00000, 0x00000006d1e00000|100%| E|CS|TS  0|AC  0|TAMS 0x00000006d1d00000, 0x00000006d1d00000|
| 252|0x00000006d1e00000, 0x00000006d1f00000, 0x00000006d1f00000|100%| E|CS|TS  0|AC  0|TAMS 0x00000006d1e00000, 0x00000006d1e00000|
| 253|0x00000006d1f00000, 0x00000006d2000000, 0x00000006d2000000|100%| E|CS|TS  0|AC  0|TAMS 0x00000006d1f00000, 0x00000006d1f00000|

Card table byte_map: [0x000002007b6e0000,0x000002007bed0000] byte_map_base: 0x00000200780cf000

Marking Bits (Prev, Next): (CMBitMap*) 0x000002007835eaa8, (CMBitMap*) 0x000002007835ea70
 Prev Bits: [0x000002001d5d0000, 0x0000020021548000)
 Next Bits: [0x0000020019650000, 0x000002001d5c8000)

Polling page: 0x0000020078490000

CodeHeap 'non-profiled nmethods': size=120000Kb used=1234Kb max_used=1234Kb free=118765Kb
 bounds [0x0000020012120000, 0x0000020012390000, 0x0000020019650000]
CodeHeap 'profiled nmethods': size=120000Kb used=4885Kb max_used=5202Kb free=115114Kb
 bounds [0x000002000abf0000, 0x000002000b110000, 0x0000020012120000]
CodeHeap 'non-nmethods': size=5760Kb used=1452Kb max_used=1514Kb free=4307Kb
 bounds [0x000002000a650000, 0x000002000a8c0000, 0x000002000abf0000]
 total_blobs=3546 nmethods=2276 adapters=635
 compilation: enabled

Compilation events (10 events):
Event: 111.229 Thread 0x000002007fbe6000 2409       1       com.fazecast.jSerialComm.SerialPort::access$100 (5 bytes)
Event: 111.230 Thread 0x000002007fbe6000 nmethod 2409 0x0000020012123710 code [0x00000200121238c0, 0x00000200121239b8]
Event: 111.230 Thread 0x000002007fbe6000 2410       1       com.fazecast.jSerialComm.SerialPort::access$300 (5 bytes)
Event: 111.230 Thread 0x000002007fbe6000 nmethod 2410 0x0000020012135090 code [0x0000020012135240, 0x0000020012135338]
Event: 118.008 Thread 0x000002007fbe6000 2411       1       com.fazecast.jSerialComm.SerialPort$SerialPortEventListener::access$000 (5 bytes)
Event: 118.008 Thread 0x000002007fbe6000 nmethod 2411 0x0000020012162290 code [0x0000020012162440, 0x0000020012162538]
Event: 214.432 Thread 0x000002007fbe6000 2412       3       com.fazecast.jSerialComm.SerialPort$SerialPortEventListener::waitForSerialEvent (355 bytes)
Event: 214.438 Thread 0x000002007fbe6000 nmethod 2412 0x000002000ac05d90 code [0x000002000ac061a0, 0x000002000ac07f90]
Event: 214.438 Thread 0x000002007fbe6000 2413       3       com.fazecast.jSerialComm.SerialPort::access$500 (6 bytes)
Event: 214.439 Thread 0x000002007fbe6000 nmethod 2413 0x000002000abf7790 code [0x000002000abf7940, 0x000002000abf7ad0]

GC Heap History (4 events):
Event: 4.331 GC heap before
{Heap before GC invocations=0 (full 0):
 garbage-first heap   total 260096K, used 27648K [0x00000006c2200000, 0x00000006c23007f0, 0x00000007c0000000)
  region size 1024K, 24 young (24576K), 0 survivors (0K)
 Metaspace       used 17626K, capacity 18580K, committed 18688K, reserved 1064960K
  class space    used 2019K, capacity 2205K, committed 2304K, reserved 1048576K
}
Event: 4.347 GC heap after
{Heap after GC invocations=1 (full 0):
 garbage-first heap   total 260096K, used 7377K [0x00000006c2200000, 0x00000006c23007f0, 0x00000007c0000000)
  region size 1024K, 3 young (3072K), 3 survivors (3072K)
 Metaspace       used 17626K, capacity 18580K, committed 18688K, reserved 1064960K
  class space    used 2019K, capacity 2205K, committed 2304K, reserved 1048576K
}
Event: 8.527 GC heap before
{Heap before GC invocations=1 (full 0):
 garbage-first heap   total 260096K, used 18641K [0x00000006c2200000, 0x00000006c23007f0, 0x00000007c0000000)
  region size 1024K, 15 young (15360K), 3 survivors (3072K)
 Metaspace       used 20107K, capacity 21170K, committed 21248K, reserved 1069056K
  class space    used 2290K, capacity 2541K, committed 2560K, reserved 1048576K
}
Event: 8.534 GC heap after
{Heap after GC invocations=2 (full 0):
 garbage-first heap   total 260096K, used 9063K [0x00000006c2200000, 0x00000006c23007f0, 0x00000007c0000000)
  region size 1024K, 5 young (5120K), 5 survivors (5120K)
 Metaspace       used 20107K, capacity 21170K, committed 21248K, reserved 1069056K
  class space    used 2290K, capacity 2541K, committed 2560K, reserved 1048576K
}

Deoptimization events (10 events):
Event: 8.487 Thread 0x00000200231e8800 Uncommon trap: reason=class_check action=maybe_recompile pc=0x0000020012180758 method=java.util.HashMap.putVal(ILjava/lang/Object;Ljava/lang/Object;ZZ)Ljava/lang/Object; @ 91 c2
Event: 8.487 Thread 0x00000200231e8800 Uncommon trap: reason=class_check action=maybe_recompile pc=0x0000020012180758 method=java.util.HashMap.putVal(ILjava/lang/Object;Ljava/lang/Object;ZZ)Ljava/lang/Object; @ 91 c2
Event: 8.487 Thread 0x00000200231e8800 Uncommon trap: reason=class_check action=maybe_recompile pc=0x0000020012180758 method=java.util.HashMap.putVal(ILjava/lang/Object;Ljava/lang/Object;ZZ)Ljava/lang/Object; @ 91 c2
Event: 8.492 Thread 0x00000200231e8800 Uncommon trap: reason=unstable_if action=reinterpret pc=0x00000200121613a8 method=java.util.concurrent.ConcurrentHashMap.get(Ljava/lang/Object;)Ljava/lang/Object; @ 76 c2
Event: 8.542 Thread 0x00000200231e8800 Uncommon trap: reason=unstable_if action=reinterpret pc=0x0000020012176f80 method=java.lang.ref.ReferenceQueue.poll()Ljava/lang/ref/Reference; @ 4 c2
Event: 8.606 Thread 0x00000200231e8800 Uncommon trap: reason=bimorphic_or_optimized_type_check action=maybe_recompile pc=0x00000200121abb2c method=java.util.concurrent.locks.AbstractQueuedSynchronizer.release(I)Z @ 2 c2
Event: 8.691 Thread 0x00000200231e8800 Uncommon trap: reason=unstable_if action=reinterpret pc=0x00000200121ceae0 method=java.util.concurrent.ConcurrentHashMap.putVal(Ljava/lang/Object;Ljava/lang/Object;Z)Ljava/lang/Object; @ 148 c2
Event: 8.773 Thread 0x00000200231e8800 Uncommon trap: reason=unstable_if action=reinterpret pc=0x00000200121a8828 method=java.lang.String.equals(Ljava/lang/Object;)Z @ 27 c2
Event: 8.810 Thread 0x00000200231e8800 Uncommon trap: reason=class_check action=maybe_recompile pc=0x00000200121c3d3c method=java.util.HashMap.putVal(ILjava/lang/Object;Ljava/lang/Object;ZZ)Ljava/lang/Object; @ 203 c2
Event: 10.077 Thread 0x00000200231e8800 Uncommon trap: reason=intrinsic_or_type_checked_inlining action=make_not_entrant pc=0x00000200121e78ac method=java.util.Arrays.copyOf([Ljava/lang/Object;ILjava/lang/Class;)[Ljava/lang/Object; @ 35 c2

Classes redefined (0 events):
No events

Internal exceptions (10 events):
Event: 10.560 Thread 0x00000200231e8800 Exception <a 'java/lang/NoSuchMethodError'{0x00000006d0112738}: java.lang.invoke.DelegatingMethodHandle$Holder.reinvoke_L(Ljava/lang/Object;IIILjava/lang/Object;III)Ljava/lang/Object;> (0x00000006d0112738) thrown at [t:/workspace/hotspot/src/share/vm/inte
Event: 10.563 Thread 0x00000200231e8800 Exception <a 'java/lang/NoSuchMethodError'{0x00000006d0142e08}: method resolution failed> (0x00000006d0142e08) thrown at [t:/workspace/hotspot/src/share/vm/prims/methodHandles.cpp, line 1256]
Event: 10.572 Thread 0x00000200231e8800 Exception <a 'java/lang/NoSuchMethodError'{0x00000006d01ccbb8}: java.lang.invoke.DirectMethodHandle$Holder.invokeSpecial(Ljava/lang/Object;Ljava/lang/Object;IIILjava/lang/Object;Ljava/lang/Object;Ljava/lang/Object;Ljava/lang/Object;I)Ljava/lang/Object;> (
Event: 10.572 Thread 0x00000200231e8800 Exception <a 'java/lang/NoSuchMethodError'{0x00000006d01d0860}: java.lang.invoke.DelegatingMethodHandle$Holder.reinvoke_L(Ljava/lang/Object;IIILjava/lang/Object;Ljava/lang/Object;Ljava/lang/Object;Ljava/lang/Object;I)Ljava/lang/Object;> (0x00000006d01d086
Event: 10.576 Thread 0x00000200231e8800 Exception <a 'java/lang/NoSuchMethodError'{0x00000006d002b710}: method resolution failed> (0x00000006d002b710) thrown at [t:/workspace/hotspot/src/share/vm/prims/methodHandles.cpp, line 1256]
Event: 10.576 Thread 0x00000200231e8800 Exception <a 'java/lang/NoSuchMethodError'{0x00000006d002f3f0}: java.lang.invoke.DelegatingMethodHandle$Holder.reinvoke_L(Ljava/lang/Object;Ljava/lang/Object;Ljava/lang/Object;Ljava/lang/Object;Ljava/lang/Object;I)Ljava/lang/Object;> (0x00000006d002f3f0) 
Event: 10.589 Thread 0x00000200231e8800 Exception <a 'java/lang/NoSuchMethodError'{0x00000006d00b9c40}: java.lang.invoke.DirectMethodHandle$Holder.invokeSpecial(Ljava/lang/Object;Ljava/lang/Object;IIILjava/lang/Object;Ljava/lang/Object;I)Ljava/lang/Object;> (0x00000006d00b9c40) thrown at [t:/wo
Event: 10.589 Thread 0x00000200231e8800 Exception <a 'java/lang/NoSuchMethodError'{0x00000006d00bd3b0}: java.lang.invoke.DelegatingMethodHandle$Holder.reinvoke_L(Ljava/lang/Object;IIILjava/lang/Object;Ljava/lang/Object;I)Ljava/lang/Object;> (0x00000006d00bd3b0) thrown at [t:/workspace/hotspot/s
Event: 10.593 Thread 0x00000200231e8800 Exception <a 'java/lang/NoSuchMethodError'{0x00000006d00e04c0}: method resolution failed> (0x00000006d00e04c0) thrown at [t:/workspace/hotspot/src/share/vm/prims/methodHandles.cpp, line 1256]
Event: 10.594 Thread 0x00000200231e8800 Exception <a 'java/lang/NoSuchMethodError'{0x00000006d00ea5d8}: java.lang.invoke.DirectMethodHandle$Holder.invokeSpecial(Ljava/lang/Object;Ljava/lang/Object;Ljava/lang/Object;Ljava/lang/Object;I)Ljava/lang/Object;> (0x00000006d00ea5d8) thrown at [t:/works

Events (10 events):
Event: 95.880 Executing VM operation: ChangeBreakpoints
Event: 95.880 Executing VM operation: ChangeBreakpoints done
Event: 170.624 Executing VM operation: ChangeBreakpoints
Event: 170.624 Executing VM operation: ChangeBreakpoints done
Event: 173.234 Executing VM operation: ChangeBreakpoints
Event: 173.236 Executing VM operation: ChangeBreakpoints done
Event: 214.993 Executing VM operation: ChangeBreakpoints
Event: 214.993 Executing VM operation: ChangeBreakpoints done
Event: 215.006 Executing VM operation: ChangeBreakpoints
Event: 215.008 Executing VM operation: ChangeBreakpoints done


Dynamic libraries:
0x00007ff6419c0000 - 0x00007ff6419fe000 	C:\Program Files\Java\jdk-9.0.4\bin\java.exe
0x00007fffbf720000 - 0x00007fffbf901000 	C:\WINDOWS\SYSTEM32\ntdll.dll
0x00007fffbd250000 - 0x00007fffbd302000 	C:\WINDOWS\System32\KERNEL32.DLL
0x00007fffbc370000 - 0x00007fffbc5e3000 	C:\WINDOWS\System32\KERNELBASE.dll
0x00007fffbf370000 - 0x00007fffbf411000 	C:\WINDOWS\System32\ADVAPI32.dll
0x00007fffbf4f0000 - 0x00007fffbf58e000 	C:\WINDOWS\System32\msvcrt.dll
0x00007fffbf200000 - 0x00007fffbf25b000 	C:\WINDOWS\System32\sechost.dll
0x00007fffbf5c0000 - 0x00007fffbf6e4000 	C:\WINDOWS\System32\RPCRT4.dll
0x00007fffbf060000 - 0x00007fffbf1f0000 	C:\WINDOWS\System32\USER32.dll
0x00007fffbc790000 - 0x00007fffbc7b0000 	C:\WINDOWS\System32\win32u.dll
0x00007fffbf590000 - 0x00007fffbf5b8000 	C:\WINDOWS\System32\GDI32.dll
0x00007fffbc5f0000 - 0x00007fffbc782000 	C:\WINDOWS\System32\gdi32full.dll
0x00007fffbbaf0000 - 0x00007fffbbb8f000 	C:\WINDOWS\System32\msvcp_win.dll
0x00007fffbc7b0000 - 0x00007fffbc8aa000 	C:\WINDOWS\System32\ucrtbase.dll
0x00007fffab560000 - 0x00007fffab7c9000 	C:\WINDOWS\WinSxS\amd64_microsoft.windows.common-controls_6595b64144ccf1df_6.0.17134.48_none_b4b2216a3cb4dd3e\COMCTL32.dll
0x00007fffbcbb0000 - 0x00007fffbced3000 	C:\WINDOWS\System32\combase.dll
0x00007fffb3b80000 - 0x00007fffb3b8a000 	C:\WINDOWS\SYSTEM32\VERSION.dll
0x00007fffbbbe0000 - 0x00007fffbbc5a000 	C:\WINDOWS\System32\bcryptPrimitives.dll
0x00007fffbd220000 - 0x00007fffbd24d000 	C:\WINDOWS\System32\IMM32.DLL
0x00007fff9e660000 - 0x00007fff9e74f000 	C:\Program Files\Java\jdk-9.0.4\bin\msvcr120.dll
0x00007fffa7140000 - 0x00007fffa71e6000 	C:\Program Files\Java\jdk-9.0.4\bin\msvcp120.dll
0x000000005cd00000 - 0x000000005d725000 	C:\Program Files\Java\jdk-9.0.4\bin\server\jvm.dll
0x00007fffbcf60000 - 0x00007fffbcf68000 	C:\WINDOWS\System32\PSAPI.DLL
0x00007fffba600000 - 0x00007fffba609000 	C:\WINDOWS\SYSTEM32\WSOCK32.dll
0x00007fffb5de0000 - 0x00007fffb5e03000 	C:\WINDOWS\SYSTEM32\WINMM.dll
0x00007fffbd900000 - 0x00007fffbd96c000 	C:\WINDOWS\System32\WS2_32.dll
0x00007fffb5db0000 - 0x00007fffb5dda000 	C:\WINDOWS\SYSTEM32\winmmbase.dll
0x00007fffbbb90000 - 0x00007fffbbbd9000 	C:\WINDOWS\System32\cfgmgr32.dll
0x00007fffb3f80000 - 0x00007fffb3f8f000 	C:\Program Files\Java\jdk-9.0.4\bin\verify.dll
0x00007fffa9bb0000 - 0x00007fffa9bd7000 	C:\Program Files\Java\jdk-9.0.4\bin\java.dll
0x00007fffa6e00000 - 0x00007fffa6e36000 	C:\Program Files\Java\jdk-9.0.4\bin\jdwp.dll
0x00007fffa9ad0000 - 0x00007fffa9afa000 	C:\Program Files\Java\jdk-9.0.4\bin\instrument.dll
0x00007fffabde0000 - 0x00007fffabdf6000 	C:\Program Files\Java\jdk-9.0.4\bin\zip.dll
0x00007fffaded0000 - 0x00007fffadeda000 	C:\Program Files\Java\jdk-9.0.4\bin\jimage.dll
0x00007fffbdaf0000 - 0x00007fffbef30000 	C:\WINDOWS\System32\SHELL32.dll
0x00007fffbf260000 - 0x00007fffbf309000 	C:\WINDOWS\System32\shcore.dll
0x00007fffbbc60000 - 0x00007fffbc36d000 	C:\WINDOWS\System32\windows.storage.dll
0x00007fffbef60000 - 0x00007fffbefb1000 	C:\WINDOWS\System32\shlwapi.dll
0x00007fffbbad0000 - 0x00007fffbbae1000 	C:\WINDOWS\System32\kernel.appcore.dll
0x00007fffbbab0000 - 0x00007fffbbacf000 	C:\WINDOWS\System32\profapi.dll
0x00007fffbba40000 - 0x00007fffbba8c000 	C:\WINDOWS\System32\powrprof.dll
0x00007fffbba30000 - 0x00007fffbba3a000 	C:\WINDOWS\System32\FLTLIB.DLL
0x00007fffaba20000 - 0x00007fffaba3a000 	C:\Program Files\Java\jdk-9.0.4\bin\net.dll
0x00007fffb6650000 - 0x00007fffb672d000 	C:\WINDOWS\SYSTEM32\WINHTTP.dll
0x00007fffbb260000 - 0x00007fffbb2c6000 	C:\WINDOWS\system32\mswsock.dll
0x00007fffab940000 - 0x00007fffab951000 	C:\Program Files\Java\jdk-9.0.4\bin\nio.dll
0x00007fffb7140000 - 0x00007fffb714a000 	C:\Program Files\Java\jdk-9.0.4\bin\dt_socket.dll
0x00007fff85550000 - 0x00007fff856e9000 	C:\Program Files\Java\jdk-9.0.4\bin\awt.dll
0x00007fffbf420000 - 0x00007fffbf4e2000 	C:\WINDOWS\System32\OLEAUT32.dll
0x00007fffb7fe0000 - 0x00007fffb85a7000 	C:\WINDOWS\SYSTEM32\d2d1.dll
0x00007fffb8c90000 - 0x00007fffb8d1b000 	C:\WINDOWS\SYSTEM32\apphelp.dll
0x00007fffb9dc0000 - 0x00007fffb9de9000 	C:\WINDOWS\system32\DWMAPI.DLL
0x00007fffb8db0000 - 0x00007fffb8e48000 	C:\WINDOWS\system32\uxtheme.dll
0x00007fffa5000000 - 0x00007fffa5120000 	C:\WINDOWS\system32\opengl32.dll
0x00007fffa4c00000 - 0x00007fffa4c2c000 	C:\WINDOWS\SYSTEM32\GLU32.dll
0x00007fffbd970000 - 0x00007fffbdae5000 	C:\WINDOWS\System32\MSCTF.dll
0x00007fffbcfd0000 - 0x00007fffbd121000 	C:\WINDOWS\System32\ole32.dll
0x00007fffa4460000 - 0x00007fffa4483000 	C:\Users\Niels\AppData\Local\Temp\1527066411594-jSerialComm.dll
0x00007fffbd310000 - 0x00007fffbd75b000 	C:\WINDOWS\System32\SETUPAPI.dll
0x00007fffbb840000 - 0x00007fffbb867000 	C:\WINDOWS\SYSTEM32\DEVOBJ.dll
0x00007fffbc8b0000 - 0x00007fffbc907000 	C:\WINDOWS\System32\WINTRUST.dll
0x00007fffbba90000 - 0x00007fffbbaa2000 	C:\WINDOWS\System32\MSASN1.dll
0x00007fffbc9c0000 - 0x00007fffbcba2000 	C:\WINDOWS\System32\CRYPT32.dll
0x0000000180000000 - 0x000000018004e000 	C:\Users\Niels\AppData\Local\Temp\FTD2XX.dll
0x00007fff854b0000 - 0x00007fff8554d000 	C:\Program Files\Java\jdk-9.0.4\bin\fontmanager.dll
0x00007fffa4410000 - 0x00007fffa4452000 	C:\Program Files\Java\jdk-9.0.4\bin\t2k.dll
0x00007fffb4370000 - 0x00007fffb4408000 	C:\WINDOWS\System32\TextInputFramework.dll
0x00007fffb3f90000 - 0x00007fffb42ae000 	C:\WINDOWS\System32\CoreUIComponents.dll
0x00007fffb8a90000 - 0x00007fffb8b6a000 	C:\WINDOWS\System32\CoreMessaging.dll
0x00007fffbaae0000 - 0x00007fffbab11000 	C:\WINDOWS\SYSTEM32\ntmarta.dll
0x00007fffb6fe0000 - 0x00007fffb712d000 	C:\WINDOWS\SYSTEM32\wintypes.dll
0x00007fffb6080000 - 0x00007fffb6127000 	C:\WINDOWS\WinSxS\amd64_microsoft.windows.common-controls_6595b64144ccf1df_5.82.17134.48_none_e3539a3969552203\comctl32.dll
0x00007fffbefc0000 - 0x00007fffbf060000 	C:\WINDOWS\System32\clbcatq.dll
0x00007fffb9730000 - 0x00007fffb98e4000 	C:\WINDOWS\SYSTEM32\PROPSYS.dll
0x00007fffb1930000 - 0x00007fffb1fcb000 	C:\Windows\System32\OneCoreUAPCommonProxyStub.dll
0x00007fff875e0000 - 0x00007fff87707000 	C:\WINDOWS\system32\NetworkExplorer.dll
0x00007fffa5ce0000 - 0x00007fffa5cfa000 	C:\WINDOWS\SYSTEM32\MPR.dll
0x00007fffb7880000 - 0x00007fffb788b000 	C:\WINDOWS\System32\drprov.dll
0x00007fffbab50000 - 0x00007fffbaba6000 	C:\WINDOWS\System32\WINSTA.dll
0x00007fffb65b0000 - 0x00007fffb65c6000 	C:\WINDOWS\System32\ntlanman.dll
0x00007fffb5660000 - 0x00007fffb567d000 	C:\WINDOWS\System32\davclnt.dll
0x00007fffb5650000 - 0x00007fffb565c000 	C:\WINDOWS\System32\DAVHLPR.dll
0x00007fffb4f20000 - 0x00007fffb4f37000 	C:\WINDOWS\System32\wkscli.dll
0x00007fffbb590000 - 0x00007fffbb5b5000 	C:\WINDOWS\System32\bcrypt.dll
0x00007fffa5870000 - 0x00007fffa5882000 	C:\WINDOWS\SYSTEM32\cscapi.dll
0x00007fffbb0f0000 - 0x00007fffbb0fe000 	C:\WINDOWS\System32\netutils.dll
0x00007fff886a0000 - 0x00007fff886ea000 	C:\Windows\System32\dlnashext.dll
0x00007fff869c0000 - 0x00007fff86a23000 	C:\Windows\System32\PlayToDevice.dll
0x00007fffa9db0000 - 0x00007fffa9dce000 	C:\Windows\System32\DevDispItemProvider.dll
0x00007fffadb60000 - 0x00007fffadbd6000 	C:\WINDOWS\System32\MMDevApi.dll
0x00007fff81b40000 - 0x00007fff81d21000 	C:\WINDOWS\system32\wpdshext.dll
0x00007fffaa9d0000 - 0x00007fffaab6a000 	C:\WINDOWS\WinSxS\amd64_microsoft.windows.gdiplus_6595b64144ccf1df_1.1.17134.48_none_34799088504cf966\gdiplus.dll
0x00007fffb8f40000 - 0x00007fffb8fdc000 	C:\Windows\System32\PortableDeviceApi.dll
0x00007fff92e30000 - 0x00007fff92e67000 	C:\Windows\System32\EhStorShell.dll
0x00007fff857d0000 - 0x00007fff857f5000 	C:\Windows\System32\EhStorAPI.dll
0x00007fffba5e0000 - 0x00007fffba5f3000 	C:\Windows\System32\WTSAPI32.dll
0x00007fffa9430000 - 0x00007fffa943d000 	C:\WINDOWS\SYSTEM32\LINKINFO.dll
0x00007fff9b850000 - 0x00007fff9b8d8000 	C:\Windows\System32\appresolver.dll
0x00007fffba990000 - 0x00007fffba9b7000 	C:\Windows\System32\SLC.dll
0x00007fffbb930000 - 0x00007fffbb958000 	C:\Windows\System32\USERENV.dll
0x00007fffb5080000 - 0x00007fffb50d0000 	C:\Windows\System32\Bcp47Langs.dll
0x00007fffba960000 - 0x00007fffba985000 	C:\Windows\System32\sppc.dll
0x00007fffb4570000 - 0x00007fffb471e000 	C:\WINDOWS\SYSTEM32\WindowsCodecs.dll
0x00007fff9d920000 - 0x00007fff9d978000 	C:\WINDOWS\system32\dataexchange.dll
0x00007fffb7cd0000 - 0x00007fffb7fdb000 	C:\WINDOWS\system32\d3d11.dll
0x00007fffb85b0000 - 0x00007fffb874c000 	C:\WINDOWS\system32\dcomp.dll
0x00007fffba7b0000 - 0x00007fffba86b000 	C:\WINDOWS\system32\dxgi.dll
0x00007fffb9f00000 - 0x00007fffba0b8000 	C:\WINDOWS\system32\twinapi.appcore.dll
0x00007fffb9ea0000 - 0x00007fffb9ec1000 	C:\WINDOWS\system32\RMCLIENT.dll
0x00007fffbb030000 - 0x00007fffbb0ee000 	C:\WINDOWS\SYSTEM32\DNSAPI.dll
0x00007fffbef30000 - 0x00007fffbef38000 	C:\WINDOWS\System32\NSI.dll
0x00007fffbaff0000 - 0x00007fffbb028000 	C:\WINDOWS\SYSTEM32\IPHLPAPI.DLL
0x00007fffac340000 - 0x00007fffac34a000 	C:\Windows\System32\rasadhlp.dll
0x00007fffb1fd0000 - 0x00007fffb2042000 	C:\WINDOWS\System32\fwpuclnt.dll
0x00007fffba410000 - 0x00007fffba5d9000 	C:\WINDOWS\SYSTEM32\dbghelp.dll

VM Arguments:
jvm_args: -agentlib:jdwp=transport=dt_socket,address=127.0.0.1:56933,suspend=y,server=n -javaagent:C:\Users\Niels\.IdeaIC2018.1\system\captureAgent\debugger-agent.jar=file:/C:/Users/Niels/AppData/Local/Temp/capture.props -Dfile.encoding=UTF-8 
java_command: ControleSoftware
java_class_path (initial): D:\School\Robotica\Magazijnrobot\ControleSoftware\out\production\ControleSoftware;C:\Program Files\JetBrains\IntelliJ IDEA Community Edition 2018.1.1\plugins\Kotlin\kotlinc\lib\kotlin-stdlib.jar;C:\Program Files\JetBrains\IntelliJ IDEA Community Edition 2018.1.1\plugins\Kotlin\kotlinc\lib\kotlin-reflect.jar;C:\Program Files\JetBrains\IntelliJ IDEA Community Edition 2018.1.1\plugins\Kotlin\kotlinc\lib\kotlin-test.jar;C:\Program Files\JetBrains\IntelliJ IDEA Community Edition 2018.1.1\plugins\Kotlin\kotlinc\lib\kotlin-stdlib-jdk7.jar;C:\Program Files\JetBrains\IntelliJ IDEA Community Edition 2018.1.1\plugins\Kotlin\kotlinc\lib\kotlin-stdlib-jdk8.jar;D:\School\Robotica\Magazijnrobot\ControleSoftware\libs\gson-2.8.4.jar;D:\School\Robotica\Magazijnrobot\ControleSoftware\libs\mysql-connector-java-8.0.11.jar;D:\School\Robotica\Magazijnrobot\ControleSoftware\libs\jSerialComm-2.0.2.jar;C:\Program Files\JetBrains\IntelliJ IDEA Community Edition 2018.1.1\lib\idea_rt.jar
Launcher Type: SUN_STANDARD

Logging:
Log output configuration:
#0: stdout all=warning uptime,level,tags
#1: stderr all=off uptime,level,tags

Environment Variables:
JAVA_HOME=C:\Program Files\Java\jdk1.8.0_161
PATH=C:\VulkanSDK\1.1.70.0\Bin;C:\Program Files (x86)\Intel\Intel(R) Management Engine Components\iCLS\;C:\Program Files\Intel\Intel(R) Management Engine Components\iCLS\;C:\ProgramData\Oracle\Java\javapath;C:\Python27\;C:\Python27\Scripts;C:\Windows\system32;C:\Windows;C:\Windows\System32\Wbem;C:\Windows\System32\WindowsPowerShell\v1.0\;C:\Program Files\Microsoft SQL Server\130\Tools\Binn\;C:\Program Files (x86)\Microsoft SQL Server\Client SDK\ODBC\130\Tools\Binn\;C:\Program Files (x86)\Microsoft SQL Server\130\Tools\Binn\;C:\Program Files (x86)\Microsoft SQL Server\130\DTS\Binn\;C:\Program Files (x86)\Microsoft SQL Server\130\Tools\Binn\ManagementStudio\;C:\WINDOWS\system32;C:\WINDOWS;C:\WINDOWS\System32\Wbem;C:\WINDOWS\System32\WindowsPowerShell\v1.0\;C:\Program Files\dotnet\;C:\Program Files (x86)\NVIDIA Corporation\PhysX\Common;C:\Program Files (x86)\Lua\5.1;C:\Program Files (x86)\Lua\5.1\clibs;C:\Program Files\CMake\bin;C:\Program Files\LLVM\bin;C:\WINDOWS\system32;C:\WINDOWS;C:\WINDOWS\System32\Wbem;C:\WINDOWS\System32\WindowsPowerShell\v1.0\;C:\Program Files\Intel\WiFi\bin\;C:\Program Files\Common Files\Intel\WirelessCommon\;C:\Program Files (x86)\Intel\Intel(R) Management Engine Components\DAL;C:\Program Files\Intel\Intel(R) Management Engine Components\DAL;C:\Program Files (x86)\Intel\Intel(R) Management Engine Components\IPT;C:\Program Files\Intel\Intel(R) Management Engine Components\IPT;C:\Program Files\nodejs\;C:\Program Files\Git\cmd;C:\WINDOWS\System32\OpenSSH\;C:\Users\Niels\.cargo\bin;C:\Users\Niels\AppData\Local\Microsoft\WindowsApps;C:\Program Files (x86)\Microsoft VS Code\bin;D:\wamp64\bin\php\php7.0.10\;C:\Users\Niels\.rustup\toolchains\nightly-x86_64-pc-windows-msvc\bin\rls.exe;C:\Program Files\Intel\WiFi\bin\;C:\Program Files\Common Files\Intel\WirelessCommon\;C:\Users\Niels\AppData\Roaming\npm;C:\Program Files (x86)\Microsoft Visual Studio 14.0\VC\bin;
USERNAME=Niels
OS=Windows_NT
PROCESSOR_IDENTIFIER=Intel64 Family 6 Model 94 Stepping 3, GenuineIntel



---------------  S Y S T E M  ---------------

OS: Windows 10 , 64 bit Build 17134 (10.0.17134.1)

CPU:total 8 (initial active 8) (4 cores per cpu, 2 threads per core) family 6 model 94 stepping 3, cmov, cx8, fxsr, mmx, sse, sse2, sse3, ssse3, sse4.1, sse4.2, popcnt, avx, avx2, aes, clmul, erms, rtm, 3dnowpref, lzcnt, ht, tsc, tscinvbit, bmi1, bmi2, adx, fma

Memory: 4k page, physical 16636176k(9198476k free), swap 19126544k(10200888k free)

vm_info: Java HotSpot(TM) 64-Bit Server VM (9.0.4+11) for windows-amd64 JRE (9.0.4+11), built on Dec 20 2017 02:18:54 by "mach5one" with MS VC++ 12.0 (VS2013)

END.
